<?xml version="1.0" encoding="UTF-8"?>
<!-- Generated by org.testng.reporters.JUnitXMLReporter -->
<testsuite hostname="DESKTOP-7F11FOV" ignored="0" name="ATAG" tests="1" failures="1" timestamp="08 Feb 2018 19:49:02 GMT" time="49.049" errors="0">
  <testcase name="testATag" time="3.77" classname="smoketest.AtagTest">
    <failure type="java.lang.AssertionError" message="expected [true] but found [false]">
      <![CDATA[java.lang.AssertionError: expected [true] but found [false]at smoketest.AtagTest.testATag(AtagTest.java:38)... Removed 29 stack frames]]>
    </failure>
  </testcase> <!-- testATag -->
</testsuite> <!-- ATAG -->
