<?xml version="1.0" encoding="UTF-8"?>
<!-- Generated by org.testng.reporters.JUnitXMLReporter -->
<testsuite hostname="DESKTOP-7F11FOV" ignored="0" name="Default test" tests="3" failures="0" timestamp="15 Feb 2018 22:49:06 GMT" time="12.915" errors="0">
  <testcase name="addIssue" time="10.186" classname="initial.JiraApiTest1"/>
  <testcase name="addComment" time="1.578" classname="initial.JiraApiTest1"/>
  <testcase name="updateComment" time="0.991" classname="initial.JiraApiTest1"/>
</testsuite> <!-- Default test -->
