<?xml version="1.0" encoding="UTF-8"?>
<testng-results skipped="0" failed="0" ignored="0" total="6" passed="6">
  <reporter-output>
  </reporter-output>
  <suite name="Command line suite" duration-ms="183" started-at="2018-02-18T21:14:16Z" finished-at="2018-02-18T21:14:16Z">
    <groups>
    </groups>
    <test name="Command line test" duration-ms="183" started-at="2018-02-18T21:14:16Z" finished-at="2018-02-18T21:14:16Z">
      <class name="TestProjects.Test2">
        <test-method status="PASS" signature="test2Method1()[pri:0, instance:TestProjects.Test2@2ed0fbae]" name="test2Method1" duration-ms="2" started-at="2018-02-18T21:14:16Z" finished-at="2018-02-18T21:14:16Z">
          <reporter-output>
          </reporter-output>
        </test-method> <!-- test2Method1 -->
        <test-method status="PASS" signature="test2Method2()[pri:0, instance:TestProjects.Test2@2ed0fbae]" name="test2Method2" duration-ms="1" started-at="2018-02-18T21:14:16Z" finished-at="2018-02-18T21:14:16Z">
          <reporter-output>
          </reporter-output>
        </test-method> <!-- test2Method2 -->
      </class> <!-- TestProjects.Test2 -->
      <class name="TestProjects.Test3">
        <test-method status="PASS" signature="test1Method2()[pri:0, instance:TestProjects.Test3@212bf671]" name="test1Method2" duration-ms="3" started-at="2018-02-18T21:14:16Z" finished-at="2018-02-18T21:14:16Z">
          <reporter-output>
          </reporter-output>
        </test-method> <!-- test1Method2 -->
        <test-method status="PASS" signature="test3Method1()[pri:0, instance:TestProjects.Test3@212bf671]" name="test3Method1" duration-ms="1" started-at="2018-02-18T21:14:16Z" finished-at="2018-02-18T21:14:16Z">
          <reporter-output>
          </reporter-output>
        </test-method> <!-- test3Method1 -->
      </class> <!-- TestProjects.Test3 -->
      <class name="TestProjects.Test1">
        <test-method status="PASS" signature="test1Method1()[pri:0, instance:TestProjects.Test1@12d3a4e9]" name="test1Method1" duration-ms="44" started-at="2018-02-18T21:14:16Z" finished-at="2018-02-18T21:14:16Z">
          <reporter-output>
          </reporter-output>
        </test-method> <!-- test1Method1 -->
        <test-method status="PASS" signature="test1Method2()[pri:0, instance:TestProjects.Test1@12d3a4e9]" name="test1Method2" duration-ms="1" started-at="2018-02-18T21:14:16Z" finished-at="2018-02-18T21:14:16Z">
          <reporter-output>
          </reporter-output>
        </test-method> <!-- test1Method2 -->
      </class> <!-- TestProjects.Test1 -->
    </test> <!-- Command line test -->
  </suite> <!-- Command line suite -->
</testng-results>
