<?xml version="1.0" encoding="UTF-8"?>
<!-- Generated by org.testng.reporters.JUnitXMLReporter -->
<testsuite hostname="DESKTOP-7F11FOV" ignored="0" name="Testing Example3" tests="1" failures="1" timestamp="19 Feb 2018 20:33:29 GMT" time="0.019" errors="0">
  <testcase name="f" time="0.004" classname="test.LongestStringTest">
    <failure type="java.lang.AssertionError" message="expected [jumped] but found [Naveen]">
      <![CDATA[java.lang.AssertionError: expected [jumped] but found [Naveen]at test.LongestStringTest.f(LongestStringTest.java:26)... Removed 31 stack frames]]>
    </failure>
  </testcase> <!-- f -->
</testsuite> <!-- Testing Example3 -->
