<?xml version="1.0" encoding="UTF-8"?>
<!-- Generated by org.testng.reporters.JUnitXMLReporter -->
<testsuite hostname="DESKTOP-7F11FOV" ignored="0" name="Command line test" tests="6" failures="0" timestamp="18 Feb 2018 21:14:16 GMT" time="0.183" errors="0">
  <testcase name="test1Method1" time="0.044" classname="TestProjects.Test1"/>
  <testcase name="test1Method2" time="0.001" classname="TestProjects.Test1"/>
  <testcase name="test2Method1" time="0.002" classname="TestProjects.Test2"/>
  <testcase name="test2Method2" time="0.001" classname="TestProjects.Test2"/>
  <testcase name="test1Method2" time="0.003" classname="TestProjects.Test3"/>
  <testcase name="test3Method1" time="0.001" classname="TestProjects.Test3"/>
</testsuite> <!-- Command line test -->
