<?xml version="1.0" encoding="UTF-8" ?>
<testsuite tests="6" failures="0" name="TestSuite" time="0.113" errors="0" skipped="0">
  <properties>
[...]
</properties>
  <testcase classname="TestProjects.Test1" name="test1Method1" time="0.053"/>
  <testcase classname="TestProjects.Test1" name="test1Method2" time="0.012"/>
  <testcase classname="TestProjects.Test2" name="test2Method1" time="0.025"/>
  <testcase classname="TestProjects.Test2" name="test2Method2" time="0.014"/>
  <testcase classname="TestProjects.Test3" name="test1Method2" time="0.007"/>
  <testcase classname="TestProjects.Test3" name="test3Method1" time="0.002"/>
</testsuite>